build/outputs/mapping/release/seeds.txt
com.Chairman.robot.MainActivity
com.Chairman.robot.MainActivity: MainActivity()
com.Chairman.robot.MainActivity: void sendMessage(android.view.View)
com.Chairman.robot.bean.ChatMessage$Type: com.Chairman.robot.bean.ChatMessage$Type[] values()
com.Chairman.robot.bean.ChatMessage$Type: com.Chairman.robot.bean.ChatMessage$Type valueOf(java.lang.String)
com.example.android_robot_01.R$dimen: int activity_horizontal_margin
com.example.android_robot_01.R$dimen: int activity_vertical_margin
com.example.android_robot_01.R$drawable: int bg
com.example.android_robot_01.R$drawable: int bottom_bar
com.example.android_robot_01.R$drawable: int chat_bg_default
com.example.android_robot_01.R$drawable: int chat_from_msg
com.example.android_robot_01.R$drawable: int chat_send_btn
com.example.android_robot_01.R$drawable: int chat_send_msg
com.example.android_robot_01.R$drawable: int chatfrom_bg_focused
com.example.android_robot_01.R$drawable: int chatfrom_bg_normal
com.example.android_robot_01.R$drawable: int chatfrom_bg_pressed
com.example.android_robot_01.R$drawable: int chatto_bg_focused
com.example.android_robot_01.R$drawable: int chatto_bg_normal
com.example.android_robot_01.R$drawable: int chatto_bg_pressed
com.example.android_robot_01.R$drawable: int icon
com.example.android_robot_01.R$drawable: int icon_launcher
com.example.android_robot_01.R$drawable: int login_edit_normal
com.example.android_robot_01.R$drawable: int my
com.example.android_robot_01.R$drawable: int sent
com.example.android_robot_01.R$drawable: int voice_rcd_btn_nor
com.example.android_robot_01.R$drawable: int voice_rcd_btn_pressed
com.example.android_robot_01.R$id: int action_settings
com.example.android_robot_01.R$id: int chat_from_content
com.example.android_robot_01.R$id: int chat_from_createDate
com.example.android_robot_01.R$id: int chat_from_icon
com.example.android_robot_01.R$id: int chat_from_name
com.example.android_robot_01.R$id: int chat_send_content
com.example.android_robot_01.R$id: int chat_send_createDate
com.example.android_robot_01.R$id: int chat_send_icon
com.example.android_robot_01.R$id: int chat_send_name
com.example.android_robot_01.R$id: int id_chat_listView
com.example.android_robot_01.R$id: int id_chat_msg
com.example.android_robot_01.R$id: int id_chat_send
com.example.android_robot_01.R$id: int ly_chat_bottom
com.example.android_robot_01.R$id: int ly_chat_icon
com.example.android_robot_01.R$id: int ly_chat_title
com.example.android_robot_01.R$layout: int main_chat_from_msg
com.example.android_robot_01.R$layout: int main_chat_send_msg
com.example.android_robot_01.R$layout: int main_chatting
com.example.android_robot_01.R$menu: int main
com.example.android_robot_01.R$string: int action_settings
com.example.android_robot_01.R$string: int app_name
com.example.android_robot_01.R$style: int AppBaseTheme
com.example.android_robot_01.R$style: int AppTheme
com.example.android_robot_01.R$style: int chat_date_style
...
android.support.v4.app.FragmentTabHost: void setOnTabChangedListener(android.widget.TabHost$OnTabChangeListener)
android.support.v4.app.FragmentTabHost$SavedState
android.support.v4.app.FragmentTabHost$SavedState: android.os.Parcelable$Creator CREATOR
android.support.v4.content.ModernAsyncTask$Status: android.support.v4.content.ModernAsyncTask$Status[] values()
android.support.v4.content.ModernAsyncTask$Status: android.support.v4.content.ModernAsyncTask$Status valueOf(java.lang.String)
android.support.v4.view.PagerTabStrip: void setTabIndicatorColor(int)
android.support.v4.view.PagerTabStrip: void setTabIndicatorColorResource(int)
android.support.v4.view.PagerTabStrip: int getTabIndicatorColor()
android.support.v4.view.PagerTabStrip: void setTextSpacing(int)
android.support.v4.view.PagerTabStrip: void setBackgroundDrawable(android.graphics.drawable.Drawable)
android.support.v4.view.PagerTabStrip: void setBackgroundColor(int)
android.support.v4.view.PagerTabStrip: void setBackgroundResource(int)
android.support.v4.view.PagerTabStrip: void setDrawFullUnderline(boolean)
android.support.v4.view.PagerTabStrip: boolean getDrawFullUnderline()
android.support.v4.view.PagerTabStrip: int getMinHeight()
android.support.v4.view.PagerTitleStrip: void setSingleLineAllCaps(android.widget.TextView)
android.support.v4.view.PagerTitleStrip: void setTextSpacing(int)
android.support.v4.view.PagerTitleStrip: int getTextSpacing()
android.support.v4.view.PagerTitleStrip: void setNonPrimaryAlpha(float)
android.support.v4.view.PagerTitleStrip: void setTextColor(int)
android.support.v4.view.PagerTitleStrip: void setGravity(int)
android.support.v4.view.PagerTitleStrip: int getMinHeight()
android.support.v4.view.ViewPager: void setScrollState(int)
android.support.v4.view.ViewPager: void setAdapter(android.support.v4.view.PagerAdapter)
android.support.v4.view.ViewPager: android.support.v4.view.PagerAdapter getAdapter()
android.support.v4.view.ViewPager: void setOnAdapterChangeListener(android.support.v4.view.ViewPager$OnAdapterChangeListener)
android.support.v4.view.ViewPager: int getClientWidth()
android.support.v4.view.ViewPager: void setCurrentItem(int)
android.support.v4.view.ViewPager: int getCurrentItem()
android.support.v4.view.ViewPager: void setOnPageChangeListener(android.support.v4.view.ViewPager$OnPageChangeListener)
android.support.v4.view.ViewPager: void setChildrenDrawingOrderEnabledCompat(boolean)
android.support.v4.view.ViewPager: int getOffscreenPageLimit()
android.support.v4.view.ViewPager: void setOffscreenPageLimit(int)
android.support.v4.view.ViewPager: void setPageMargin(int)
android.support.v4.view.ViewPager: int getPageMargin()
android.support.v4.view.ViewPager: void setPageMarginDrawable(android.graphics.drawable.Drawable)
android.support.v4.view.ViewPager: void setPageMarginDrawable(int)
android.support.v4.view.ViewPager: void setScrollingCacheEnabled(boolean)
android.support.v4.view.ViewPager$SavedState
android.support.v4.view.ViewPager$SavedState: android.os.Parcelable$Creator CREATOR
android.support.v4.widget.DrawerLayout: void setScrimColor(int)
android.support.v4.widget.DrawerLayout: void setDrawerListener(android.support.v4.widget.DrawerLayout$DrawerListener)
android.support.v4.widget.DrawerLayout: void setDrawerLockMode(int)
android.support.v4.widget.DrawerLayout$SavedState
android.support.v4.widget.DrawerLayout$SavedState: android.os.Parcelable$Creator CREATOR