build/outputs/mapping/release/mapping.txt
com.Chairman.robot.ChatMessageAdapter -> com.Chairman.robot.a:
    android.view.LayoutInflater mInflater -> a
    java.util.List mDatas -> b
    int getCount() -> getCount
    java.lang.Object getItem(int) -> getItem
    long getItemId(int) -> getItemId
    int getItemViewType(int) -> getItemViewType
    int getViewTypeCount() -> getViewTypeCount
    android.view.View getView(int,android.view.View,android.view.ViewGroup) -> getView
com.Chairman.robot.ChatMessageAdapter$1 -> com.Chairman.robot.b:
com.Chairman.robot.ChatMessageAdapter$ViewHolder -> com.Chairman.robot.c:
    android.widget.TextView createDate -> a
    android.widget.TextView content -> b
    com.Chairman.robot.ChatMessageAdapter this$0 -> c
com.Chairman.robot.MainActivity -> com.Chairman.robot.MainActivity:
    android.widget.ListView mChatView -> a
    android.widget.EditText mMsg -> b
    java.util.List mDatas -> c
    com.Chairman.robot.ChatMessageAdapter mAdapter -> d
    android.os.Handler mHandler -> e
    void onCreate(android.os.Bundle) -> onCreate
    void initView() -> c
    void sendMessage(android.view.View) -> sendMessage
    java.lang.String getTime() -> a
    void exit() -> b
    void open(java.lang.String) -> a
    void startIntent(java.lang.String,java.lang.String) -> a
    void alert(java.lang.String) -> b
    java.util.List access$000(com.Chairman.robot.MainActivity) -> a
    com.Chairman.robot.ChatMessageAdapter access$100(com.Chairman.robot.MainActivity) -> b
    android.widget.ListView access$200(com.Chairman.robot.MainActivity) -> c
    android.os.Handler access$300(com.Chairman.robot.MainActivity) -> d
com.Chairman.robot.MainActivity$1 -> com.Chairman.robot.d:
    com.Chairman.robot.MainActivity this$0 -> a
    void handleMessage(android.os.Message) -> handleMessage
com.Chairman.robot.MainActivity$2 -> com.Chairman.robot.e:
    java.lang.String val$msg -> a
    com.Chairman.robot.MainActivity this$0 -> b
    void run() -> run
com.Chairman.robot.bean.ChatMessage -> com.Chairman.robot.a.a:
    com.Chairman.robot.bean.ChatMessage$Type type -> a
    java.lang.String msg -> b
    java.util.Date date -> c
    java.lang.String dateStr -> d
    java.lang.String getDateStr() -> a
    void setDate(java.util.Date) -> a
    com.Chairman.robot.bean.ChatMessage$Type getType() -> b
    void setType(com.Chairman.robot.bean.ChatMessage$Type) -> a
    java.lang.String getMsg() -> c
    void setMsg(java.lang.String) -> a
com.Chairman.robot.bean.ChatMessage$Type -> com.Chairman.robot.a.b:
    com.Chairman.robot.bean.ChatMessage$Type INPUT -> a
    com.Chairman.robot.bean.ChatMessage$Type OUTPUT -> b
    com.Chairman.robot.bean.ChatMessage$Type[] $VALUES -> c
    com.Chairman.robot.bean.ChatMessage$Type[] values() -> values
    com.Chairman.robot.bean.ChatMessage$Type valueOf(java.lang.String) -> valueOf
com.Chairman.robot.bean.CommonException -> com.Chairman.robot.a.c:
com.Chairman.robot.bean.FlightList -> com.Chairman.robot.a.d:
    java.lang.String flight -> a
    java.lang.String route -> b
    java.lang.String starttime -> c
    java.lang.String endtime -> d
    java.lang.String state -> e
    java.lang.String detailurl -> f
    java.lang.String getFlight() -> a
    java.lang.String getRoute() -> b
    java.lang.String getStarttime() -> c
    java.lang.String getEndtime() -> d
    java.lang.String getState() -> e
    java.lang.String getDetailurl() -> f
com.Chairman.robot.bean.FlightResult -> com.Chairman.robot.a.e:
    java.lang.String text -> a
    java.util.List list -> b
    java.lang.String getText() -> a
    java.util.List getList() -> b
com.Chairman.robot.bean.NewsList -> com.Chairman.robot.a.f:
    java.lang.String source -> a
    java.lang.String article -> b
    java.lang.String detailurl -> c
    java.lang.String getSource() -> a
    java.lang.String getArticle() -> b
    java.lang.String getDetailurl() -> c
...
com.google.gson.JsonArray -> com.a.a.r:
    java.util.List elements -> a
    void add(com.google.gson.JsonElement) -> a
    java.util.Iterator iterator() -> iterator
    java.lang.Number getAsNumber() -> a
    java.lang.String getAsString() -> b
    double getAsDouble() -> c
    long getAsLong() -> d
    int getAsInt() -> e
    boolean getAsBoolean() -> f
    boolean equals(java.lang.Object) -> equals
    int hashCode() -> hashCode
com.google.gson.JsonDeserializationContext -> com.a.a.s:
com.google.gson.JsonElement -> com.a.a.t:
    boolean isJsonArray() -> g
    boolean isJsonObject() -> h
    boolean isJsonPrimitive() -> i
    boolean isJsonNull() -> j
    com.google.gson.JsonObject getAsJsonObject() -> k
    com.google.gson.JsonArray getAsJsonArray() -> l
    com.google.gson.JsonPrimitive getAsJsonPrimitive() -> m
    boolean getAsBoolean() -> f
    java.lang.Boolean getAsBooleanWrapper() -> n
    java.lang.Number getAsNumber() -> a
    java.lang.String getAsString() -> b
    double getAsDouble() -> c
    long getAsLong() -> d
    int getAsInt() -> e
    java.lang.String toString() -> toString
com.google.gson.JsonIOException -> com.a.a.u:
com.google.gson.JsonNull -> com.a.a.v:
    com.google.gson.JsonNull INSTANCE -> a
    int hashCode() -> hashCode
    boolean equals(java.lang.Object) -> equals
com.google.gson.JsonObject -> com.a.a.w:
    com.google.gson.internal.LinkedTreeMap members -> a
    void add(java.lang.String,com.google.gson.JsonElement) -> a
    java.util.Set entrySet() -> o
    boolean equals(java.lang.Object) -> equals
    int hashCode() -> hashCode
com.google.gson.JsonParseException -> com.a.a.x:
com.google.gson.JsonPrimitive -> com.a.a.y:
    java.lang.Class[] PRIMITIVE_TYPES -> a
    java.lang.Object value -> b
    void setValue(java.lang.Object) -> a
    boolean isBoolean() -> o
    java.lang.Boolean getAsBooleanWrapper() -> n
    boolean getAsBoolean() -> f
    boolean isNumber() -> p
    java.lang.Number getAsNumber() -> a
    boolean isString() -> q
    java.lang.String getAsString() -> b
    double getAsDouble() -> c
    long getAsLong() -> d
    int getAsInt() -> e
    boolean isPrimitiveOrString(java.lang.Object) -> b
    int hashCode() -> hashCode
    boolean equals(java.lang.Object) -> equals
    boolean isIntegral(com.google.gson.JsonPrimitive) -> a
com.google.gson.JsonSerializationContext -> com.a.a.z:
com.google.gson.JsonSyntaxException -> com.a.a.aa:
com.google.gson.LongSerializationPolicy -> com.a.a.ab:
    com.google.gson.LongSerializationPolicy DEFAULT -> a
    com.google.gson.LongSerializationPolicy STRING -> b
    com.google.gson.LongSerializationPolicy[] $VALUES -> c
    com.google.gson.LongSerializationPolicy[] values() -> values
    com.google.gson.LongSerializationPolicy valueOf(java.lang.String) -> valueOf
com.google.gson.LongSerializationPolicy$1 -> com.a.a.ac:
com.google.gson.LongSerializationPolicy$2 -> com.a.a.ad:
com.google.gson.TypeAdapter -> com.a.a.ae:
    void write(com.google.gson.stream.JsonWriter,java.lang.Object) -> a
    com.google.gson.JsonElement toJsonTree(java.lang.Object) -> a
    java.lang.Object read(com.google.gson.stream.JsonReader) -> b
com.google.gson.TypeAdapterFactory -> com.a.a.af:
    com.google.gson.TypeAdapter create(com.google.gson.Gson,com.google.gson.reflect.TypeToken) -> a
com.google.gson.annotations.Expose -> com.a.a.a.a:
    boolean serialize() -> a
    boolean deserialize() -> b
com.google.gson.annotations.SerializedName -> com.a.a.a.b:
    java.lang.String value() -> a
com.google.gson.annotations.Since -> com.a.a.a.c:
    double value() -> a
com.google.gson.annotations.Until -> com.a.a.a.d:
    double value() -> a
com.google.gson.internal.$Gson$Preconditions -> com.a.a.b.a:
    java.lang.Object checkNotNull(java.lang.Object) -> a
    void checkArgument(boolean) -> a