build/outputs/mapping/release/usage.txt
com.Chairman.robot.ChatMessageAdapter$ViewHolder:
    public android.widget.TextView name
com.Chairman.robot.bean.ChatMessage:
    private java.lang.String name
    51:51:public java.util.Date getDate()
    62:62:public java.lang.String getName()
    66:67:public void setName(java.lang.String)
com.Chairman.robot.bean.FlightList:
    19:20:public void setFlight(java.lang.String)
    27:28:public void setRoute(java.lang.String)
    35:36:public void setStarttime(java.lang.String)
    43:44:public void setEndtime(java.lang.String)
    51:52:public void setState(java.lang.String)
    59:60:public void setDetailurl(java.lang.String)
com.Chairman.robot.bean.FlightResult:
    private int code
    private java.lang.String url
    11:16:public FlightResult(int,java.lang.String,java.lang.String,java.util.List)
    18:18:public int getCode()
    21:22:public void setCode(int)
    27:28:public void setText(java.lang.String)
    30:30:public java.lang.String getUrl()
    33:34:public void setUrl(java.lang.String)
    39:40:public void setList(java.util.List)
com.Chairman.robot.bean.NewsList:
    11:12:public void setSource(java.lang.String)
    17:18:public void setArticle(java.lang.String)
    23:24:public void setDetailurl(java.lang.String)
com.Chairman.robot.bean.NewsResult:
    private int code
    private java.lang.String url
    11:16:public NewsResult(int,java.lang.String,java.lang.String,java.util.List)
    18:18:public int getCode()
    21:22:public void setCode(int)
    27:28:public void setText(java.lang.String)
    30:30:public java.lang.String getUrl()
    33:34:public void setUrl(java.lang.String)
    39:40:public void setList(java.util.List)
com.Chairman.robot.bean.OrderList:
    21:22:public void setName(java.lang.String)
    29:30:public void setInfo(java.lang.String)
    37:38:public void setDetailurl(java.lang.String)
    45:46:public void setPrice(java.lang.String)
    53:54:public void setCount(java.lang.String)
    61:62:public void setSatisfaction(java.lang.String)
com.Chairman.robot.bean.OrderResult:
    private int code
    private java.lang.String url
    11:16:public OrderResult(int,java.lang.String,java.lang.String,java.util.List)
    18:18:public int getCode()
    21:22:public void setCode(int)
    27:28:public void setText(java.lang.String)
    30:30:public java.lang.String getUrl()
    33:34:public void setUrl(java.lang.String)
    39:40:public void setList(java.util.List)
com.Chairman.robot.bean.Result:
    12:16:public Result(int,java.lang.String,java.lang.String)
    19:21:public Result(int)
    29:30:public void setCode(int)
    37:38:public void setText(java.lang.String)
    43:44:public void setUrl(java.lang.String)
com.Chairman.robot.bean.TrainList:
    21:22:public void setTrainnum(java.lang.String)
    29:30:public void setStart(java.lang.String)
    37:38:public void setTerminal(java.lang.String)
    45:46:public void setStarttime(java.lang.String)
    53:54:public void setEndtime(java.lang.String)
    61:62:public void setDetailurl(java.lang.String)
com.Chairman.robot.bean.TrainResult:
    private int code
    private java.lang.String url
    11:16:public TrainResult(int,java.lang.String,java.lang.String,java.util.List)
    18:18:public int getCode()
    21:22:public void setCode(int)
    27:28:public void setText(java.lang.String)
    30:30:public java.lang.String getUrl()
    33:34:public void setUrl(java.lang.String)
    39:40:public void setList(java.util.List)
com.Chairman.robot.utils.GetMessage:
    23:23:public GetMessage()
com.example.android_robot_01.BuildConfig
com.example.android_robot_01.R
com.example.android_robot_01.R$attr
com.example.android_robot_01.R$dimen
com.example.android_robot_01.R$drawable
com.example.android_robot_01.R$id
com.example.android_robot_01.R$layout
com.example.android_robot_01.R$menu
com.example.android_robot_01.R$string
com.example.android_robot_01.R$style
...
android.support.v4.accessibilityservice.AccessibilityServiceInfoCompat
android.support.v4.accessibilityservice.AccessibilityServiceInfoCompat$AccessibilityServiceInfoIcsImpl
android.support.v4.accessibilityservice.AccessibilityServiceInfoCompat$AccessibilityServiceInfoJellyBeanMr2
android.support.v4.accessibilityservice.AccessibilityServiceInfoCompat$AccessibilityServiceInfoStubImpl
android.support.v4.accessibilityservice.AccessibilityServiceInfoCompat$AccessibilityServiceInfoVersionImpl
android.support.v4.accessibilityservice.AccessibilityServiceInfoCompatIcs
android.support.v4.accessibilityservice.AccessibilityServiceInfoCompatJellyBeanMr2
android.support.v4.app.ActionBarDrawerToggle
android.support.v4.app.ActionBarDrawerToggle$1
android.support.v4.app.ActionBarDrawerToggle$ActionBarDrawerToggleImpl
android.support.v4.app.ActionBarDrawerToggle$ActionBarDrawerToggleImplBase
android.support.v4.app.ActionBarDrawerToggle$ActionBarDrawerToggleImplHC
android.support.v4.app.ActionBarDrawerToggle$Delegate
android.support.v4.app.ActionBarDrawerToggle$DelegateProvider
android.support.v4.app.ActionBarDrawerToggle$SlideDrawable
android.support.v4.app.ActionBarDrawerToggleHoneycomb
android.support.v4.app.ActionBarDrawerToggleHoneycomb$SetIndicatorInfo
android.support.v4.app.ActivityCompat
android.support.v4.app.ActivityCompatHoneycomb:
    27:27:ActivityCompatHoneycomb()
    34:35:static void dump(android.app.Activity,java.lang.String,java.io.FileDescriptor,java.io.PrintWriter,java.lang.String[])
android.support.v4.app.ActivityCompatJB
android.support.v4.app.ActivityOptionsCompat
android.support.v4.app.ActivityOptionsCompat$ActivityOptionsImplJB
android.support.v4.app.ActivityOptionsCompatJB
android.support.v4.app.BackStackRecord:
    static final java.lang.String TAG
    static final int OP_NULL
    static final int OP_ADD
    static final int OP_REPLACE
    static final int OP_REMOVE
    static final int OP_HIDE
    static final int OP_SHOW
    static final int OP_DETACH
    static final int OP_ATTACH
    338:338:public int getId()
    342:342:public int getBreadCrumbTitleRes()
    346:346:public int getBreadCrumbShortTitleRes()
    350:353:public java.lang.CharSequence getBreadCrumbTitle()
    357:360:public java.lang.CharSequence getBreadCrumbShortTitle()
    379:380:public android.support.v4.app.FragmentTransaction add(android.support.v4.app.Fragment,java.lang.String)
    384:385:public android.support.v4.app.FragmentTransaction add(int,android.support.v4.app.Fragment)
    421:421:public android.support.v4.app.FragmentTransaction replace(int,android.support.v4.app.Fragment)
    425:430:public android.support.v4.app.FragmentTransaction replace(int,android.support.v4.app.Fragment,java.lang.String)
    434:439:public android.support.v4.app.FragmentTransaction remove(android.support.v4.app.Fragment)
    443:448:public android.support.v4.app.FragmentTransaction hide(android.support.v4.app.Fragment)
    452:457:public android.support.v4.app.FragmentTransaction show(android.support.v4.app.Fragment)
    479:479:public android.support.v4.app.FragmentTransaction setCustomAnimations(int,int)
android.support.v4.app.DialogFragment